mobile-app/android/app/build/intermediates/manifest_merge_blame_file/debug/manifest-merger-blame-debug-report.txt
1<?xml version="1.0" encoding="utf-8"?>
2<manifest xmlns:android="http://schemas.android.com/apk/res/android"
3    package="com.roadx.mobile"
4    android:versionCode="1"
5    android:versionName="1.0" >
6
7    <uses-sdk
8        android:minSdkVersion="21"
9        android:targetSdkVersion="34" />
10
11    <uses-permission android:name="android.permission.INTERNET" />
11-->src\main\AndroidManifest.xml:3:5-67
11-->src\main\AndroidManifest.xml:3:22-64
12    <uses-permission android:name="android.permission.READ_EXTERNAL_STORAGE" />
12-->src\main\AndroidManifest.xml:4:5-80
12-->src\main\AndroidManifest.xml:4:22-77
13    <uses-permission android:name="android.permission.WRITE_EXTERNAL_STORAGE" />
13-->src\main\AndroidManifest.xml:5:5-81
13-->src\main\AndroidManifest.xml:5:22-78
14    <uses-permission android:name="android.permission.READ_MEDIA_IMAGES" />
14-->src\main\AndroidManifest.xml:6:5-76
14-->src\main\AndroidManifest.xml:6:22-73
15    <uses-permission android:name="android.permission.ACCESS_FINE_LOCATION" />
15-->[:maplibre_maplibre-react-native] AndroidManifest.xml:8:5-79
15-->[:maplibre_maplibre-react-native] AndroidManifest.xml:8:22-76
16    <uses-permission android:name="android.permission.WAKE_LOCK" />
16-->[:react-native-firebase_messaging] AndroidManifest.xml:8:5-68
16-->[:react-native-firebase_messaging] AndroidManifest.xml:8:22-65
17    <uses-permission android:name="android.permission.ACCESS_NETWORK_STATE" />
17-->[:react-native-firebase_messaging] AndroidManifest.xml:9:5-79
17-->[:react-native-firebase_messaging] AndroidManifest.xml:9:22-76
18    <!--
19    This manifest file is used only by Gradle to configure debug-only capabilities
20    for React Native Apps.
21    -->
22    <uses-permission android:name="android.permission.SYSTEM_ALERT_WINDOW" />
22-->[com.facebook.react:react-android:0.73.2] AndroidManifest.xml:16:5-78
22-->[com.facebook.react:react-android:0.73.2] AndroidManifest.xml:16:22-75
23    <uses-permission android:name="android.permission.ACCESS_WIFI_STATE" />
23-->[com.facebook.flipper:flipper:0.201.0] AndroidManifest.xml:14:5-76
23-->[com.facebook.flipper:flipper:0.201.0] AndroidManifest.xml:14:22-73
24    <uses-permission android:name="android.permission.POST_NOTIFICATIONS" /> <!-- Required by older versions of Google Play services to create IID tokens -->
24-->[com.google.firebase:firebase-messaging:23.4.0] AndroidManifest.xml:23:5-77
24-->[com.google.firebase:firebase-messaging:23.4.0] AndroidManifest.xml:23:22-74
25    <uses-permission android:name="com.google.android.c2dm.permission.RECEIVE" />
25-->[com.google.firebase:firebase-messaging:23.4.0] AndroidManifest.xml:26:5-82
25-->[com.google.firebase:firebase-messaging:23.4.0] AndroidManifest.xml:26:22-79
26
27    <uses-feature
27-->[org.maplibre.gl:android-sdk-opengl:11.12.1] AndroidManifest.xml:7:5-9:36
28        android:name="android.hardware.wifi"
28-->[org.maplibre.gl:android-sdk-opengl:11.12.1] AndroidManifest.xml:8:9-45
29        android:required="false" />
29-->[org.maplibre.gl:android-sdk-opengl:11.12.1] AndroidManifest.xml:9:9-33
30
31    <uses-permission android:name="android.permission.ACCESS_COARSE_LOCATION" />
31-->[org.maplibre.gl:android-sdk-opengl:11.12.1] AndroidManifest.xml:14:5-81
31-->[org.maplibre.gl:android-sdk-opengl:11.12.1] AndroidManifest.xml:14:22-78
32
33    <permission
33-->[androidx.core:core:1.13.1] AndroidManifest.xml:22:5-24:47
34        android:name="com.roadx.mobile.DYNAMIC_RECEIVER_NOT_EXPORTED_PERMISSION"
34-->[androidx.core:core:1.13.1] AndroidManifest.xml:23:9-81
35        android:protectionLevel="signature" />
35-->[androidx.core:core:1.13.1] AndroidManifest.xml:24:9-44
36
37    <uses-permission android:name="com.roadx.mobile.DYNAMIC_RECEIVER_NOT_EXPORTED_PERMISSION" />
37-->[androidx.core:core:1.13.1] AndroidManifest.xml:26:5-97
37-->[androidx.core:core:1.13.1] AndroidManifest.xml:26:22-94
38
39    <application
39-->src\main\AndroidManifest.xml:8:5-29:19
40        android:name="com.roadx.mobile.MainApplication"
40-->src\main\AndroidManifest.xml:9:7-38
41        android:allowBackup="false"
41-->src\main\AndroidManifest.xml:13:7-34
42        android:appComponentFactory="androidx.core.app.CoreComponentFactory"
42-->[androidx.core:core:1.13.1] AndroidManifest.xml:28:18-86
43        android:debuggable="true"
44        android:extractNativeLibs="true"
45        android:icon="@mipmap/ic_launcher"
45-->src\main\AndroidManifest.xml:11:7-41
46        android:label="@string/app_name"
46-->src\main\AndroidManifest.xml:10:7-39
47        android:roundIcon="@mipmap/ic_launcher_round"
47-->src\main\AndroidManifest.xml:12:7-52
48        android:supportsRtl="true"
48-->src\main\AndroidManifest.xml:16:7-33
49        android:theme="@style/AppTheme"
49-->src\main\AndroidManifest.xml:14:7-38
50        android:usesCleartextTraffic="true" >
50-->src\main\AndroidManifest.xml:15:7-42
51        <activity
51-->src\main\AndroidManifest.xml:17:7-28:18
52            android:name="com.roadx.mobile.MainActivity"
52-->src\main\AndroidManifest.xml:18:9-37
53            android:configChanges="keyboard|keyboardHidden|orientation|screenLayout|screenSize|smallestScreenSize|uiMode"
53-->src\main\AndroidManifest.xml:20:9-118
54            android:exported="true"
54-->src\main\AndroidManifest.xml:23:9-32
55            android:label="@string/app_name"
55-->src\main\AndroidManifest.xml:19:9-41
56            android:launchMode="singleTask"
56-->src\main\AndroidManifest.xml:21:9-40
57            android:windowSoftInputMode="adjustResize" >
57-->src\main\AndroidManifest.xml:22:9-51
58            <intent-filter>
58-->src\main\AndroidManifest.xml:24:9-27:25
59                <action android:name="android.intent.action.MAIN" />
59-->src\main\AndroidManifest.xml:25:13-65
59-->src\main\AndroidManifest.xml:25:21-62
60
61                <category android:name="android.intent.category.LAUNCHER" />
61-->src\main\AndroidManifest.xml:26:13-73
61-->src\main\AndroidManifest.xml:26:23-70
62            </intent-filter>
63        </activity>
64
65        <service
65-->[:react-native-firebase_messaging] AndroidManifest.xml:12:9-14:40
66            android:name="io.invertase.firebase.messaging.ReactNativeFirebaseMessagingHeadlessService"
66-->[:react-native-firebase_messaging] AndroidManifest.xml:13:13-103
67            android:exported="false" />
67-->[:react-native-firebase_messaging] AndroidManifest.xml:14:13-37
68        <service
68-->[:react-native-firebase_messaging] AndroidManifest.xml:15:9-21:19
69            android:name="io.invertase.firebase.messaging.ReactNativeFirebaseMessagingService"
69-->[:react-native-firebase_messaging] AndroidManifest.xml:16:13-95
70            android:exported="false" >
70-->[:react-native-firebase_messaging] AndroidManifest.xml:17:13-37
71            <intent-filter>
71-->[:react-native-firebase_messaging] AndroidManifest.xml:18:13-20:29
72                <action android:name="com.google.firebase.MESSAGING_EVENT" />
72-->[:react-native-firebase_messaging] AndroidManifest.xml:19:17-78
72-->[:react-native-firebase_messaging] AndroidManifest.xml:19:25-75
73            </intent-filter>
74        </service>
75
76        <receiver
76-->[:react-native-firebase_messaging] AndroidManifest.xml:23:9-30:20
77            android:name="io.invertase.firebase.messaging.ReactNativeFirebaseMessagingReceiver"
77-->[:react-native-firebase_messaging] AndroidManifest.xml:24:13-96
78            android:exported="true"
78-->[:react-native-firebase_messaging] AndroidManifest.xml:25:13-36
79            android:permission="com.google.android.c2dm.permission.SEND" >
79-->[:react-native-firebase_messaging] AndroidManifest.xml:26:13-73
80            <intent-filter>
80-->[:react-native-firebase_messaging] AndroidManifest.xml:27:13-29:29
81                <action android:name="com.google.android.c2dm.intent.RECEIVE" />
81-->[:react-native-firebase_messaging] AndroidManifest.xml:28:17-81
81-->[:react-native-firebase_messaging] AndroidManifest.xml:28:25-78
82            </intent-filter>
83        </receiver>
84
85        <meta-data
85-->[:react-native-firebase_messaging] AndroidManifest.xml:32:9-34:36
86            android:name="firebase_messaging_auto_init_enabled"
86-->[:react-native-firebase_messaging] AndroidManifest.xml:33:13-64
87            android:value="true" />
87-->[:react-native-firebase_messaging] AndroidManifest.xml:34:13-33
88        <meta-data
88-->[:react-native-firebase_messaging] AndroidManifest.xml:35:9-37:32
89            android:name="com.google.firebase.messaging.default_notification_channel_id"
89-->[:react-native-firebase_messaging] AndroidManifest.xml:36:13-89
90            android:value="" />
90-->[:react-native-firebase_messaging] AndroidManifest.xml:37:13-29
91        <meta-data
91-->[:react-native-firebase_messaging] AndroidManifest.xml:38:9-40:47
92            android:name="com.google.firebase.messaging.default_notification_color"
92-->[:react-native-firebase_messaging] AndroidManifest.xml:39:13-84
93            android:resource="@color/white" />
93-->[:react-native-firebase_messaging] AndroidManifest.xml:40:13-44
94        <meta-data
94-->[:react-native-firebase_app] AndroidManifest.xml:9:9-11:36
95            android:name="app_data_collection_default_enabled"
95-->[:react-native-firebase_app] AndroidManifest.xml:10:13-63
96            android:value="true" />
96-->[:react-native-firebase_app] AndroidManifest.xml:11:13-33
97
98        <service
98-->[:react-native-firebase_app] AndroidManifest.xml:13:9-21:19
99            android:name="com.google.firebase.components.ComponentDiscoveryService"
99-->[:react-native-firebase_app] AndroidManifest.xml:14:13-84
100            android:directBootAware="true"
100-->[:react-native-firebase_app] AndroidManifest.xml:15:13-43
101            android:exported="false" >
101-->[:react-native-firebase_app] AndroidManifest.xml:16:13-37
102            <meta-data
102-->[:react-native-firebase_app] AndroidManifest.xml:18:13-20:85
103                android:name="com.google.firebase.components:io.invertase.firebase.app.ReactNativeFirebaseAppRegistrar"
103-->[:react-native-firebase_app] AndroidManifest.xml:19:17-120
104                android:value="com.google.firebase.components.ComponentRegistrar" />
104-->[:react-native-firebase_app] AndroidManifest.xml:20:17-82
105            <meta-data
105-->[com.google.firebase:firebase-messaging:23.4.0] AndroidManifest.xml:57:13-59:85
106                android:name="com.google.firebase.components:com.google.firebase.messaging.FirebaseMessagingKtxRegistrar"
106-->[com.google.firebase:firebase-messaging:23.4.0] AndroidManifest.xml:58:17-122
107                android:value="com.google.firebase.components.ComponentRegistrar" />
107-->[com.google.firebase:firebase-messaging:23.4.0] AndroidManifest.xml:59:17-82
108            <meta-data
108-->[com.google.firebase:firebase-messaging:23.4.0] AndroidManifest.xml:60:13-62:85
109                android:name="com.google.firebase.components:com.google.firebase.messaging.FirebaseMessagingRegistrar"
109-->[com.google.firebase:firebase-messaging:23.4.0] AndroidManifest.xml:61:17-119
110                android:value="com.google.firebase.components.ComponentRegistrar" />
110-->[com.google.firebase:firebase-messaging:23.4.0] AndroidManifest.xml:62:17-82
111            <meta-data
111-->[com.google.firebase:firebase-installations:17.2.0] AndroidManifest.xml:15:13-17:85
112                android:name="com.google.firebase.components:com.google.firebase.installations.FirebaseInstallationsKtxRegistrar"
112-->[com.google.firebase:firebase-installations:17.2.0] AndroidManifest.xml:16:17-130
113                android:value="com.google.firebase.components.ComponentRegistrar" />
113-->[com.google.firebase:firebase-installations:17.2.0] AndroidManifest.xml:17:17-82
114            <meta-data
114-->[com.google.firebase:firebase-installations:17.2.0] AndroidManifest.xml:18:13-20:85
115                android:name="com.google.firebase.components:com.google.firebase.installations.FirebaseInstallationsRegistrar"
115-->[com.google.firebase:firebase-installations:17.2.0] AndroidManifest.xml:19:17-127
116                android:value="com.google.firebase.components.ComponentRegistrar" />
116-->[com.google.firebase:firebase-installations:17.2.0] AndroidManifest.xml:20:17-82
117            <meta-data
117-->[com.google.firebase:firebase-common-ktx:20.4.2] AndroidManifest.xml:12:13-14:85
118                android:name="com.google.firebase.components:com.google.firebase.ktx.FirebaseCommonLegacyRegistrar"
118-->[com.google.firebase:firebase-common-ktx:20.4.2] AndroidManifest.xml:13:17-116
119                android:value="com.google.firebase.components.ComponentRegistrar" />
119-->[com.google.firebase:firebase-common-ktx:20.4.2] AndroidManifest.xml:14:17-82
120            <meta-data
120-->[com.google.firebase:firebase-common:20.4.2] AndroidManifest.xml:35:13-37:85
121                android:name="com.google.firebase.components:com.google.firebase.FirebaseCommonKtxRegistrar"
121-->[com.google.firebase:firebase-common:20.4.2] AndroidManifest.xml:36:17-109
122                android:value="com.google.firebase.components.ComponentRegistrar" />
122-->[com.google.firebase:firebase-common:20.4.2] AndroidManifest.xml:37:17-82
123            <meta-data
123-->[com.google.firebase:firebase-datatransport:18.1.7] AndroidManifest.xml:27:13-29:85
124                android:name="com.google.firebase.components:com.google.firebase.datatransport.TransportRegistrar"
124-->[com.google.firebase:firebase-datatransport:18.1.7] AndroidManifest.xml:28:17-115
125                android:value="com.google.firebase.components.ComponentRegistrar" />
125-->[com.google.firebase:firebase-datatransport:18.1.7] AndroidManifest.xml:29:17-82
126        </service>
127
128        <provider
128-->[:react-native-firebase_app] AndroidManifest.xml:23:9-27:38
129            android:name="io.invertase.firebase.app.ReactNativeFirebaseAppInitProvider"
129-->[:react-native-firebase_app] AndroidManifest.xml:24:13-88
130            android:authorities="com.roadx.mobile.reactnativefirebaseappinitprovider"
130-->[:react-native-firebase_app] AndroidManifest.xml:25:13-86
131            android:exported="false"
131-->[:react-native-firebase_app] AndroidManifest.xml:26:13-37
132            android:initOrder="99" />
132-->[:react-native-firebase_app] AndroidManifest.xml:27:13-35
133        <provider
133-->[:react-native-image-picker] AndroidManifest.xml:8:9-16:20
134            android:name="com.imagepicker.ImagePickerProvider"
134-->[:react-native-image-picker] AndroidManifest.xml:9:13-63
135            android:authorities="com.roadx.mobile.imagepickerprovider"
135-->[:react-native-image-picker] AndroidManifest.xml:10:13-71
136            android:exported="false"
136-->[:react-native-image-picker] AndroidManifest.xml:11:13-37
137            android:grantUriPermissions="true" >
137-->[:react-native-image-picker] AndroidManifest.xml:12:13-47
138            <meta-data
138-->[:react-native-image-picker] AndroidManifest.xml:13:13-15:70
139                android:name="android.support.FILE_PROVIDER_PATHS"
139-->[:react-native-image-picker] AndroidManifest.xml:14:17-67
140                android:resource="@xml/imagepicker_provider_paths" />
140-->[:react-native-image-picker] AndroidManifest.xml:15:17-67
141        </provider>
142
143        <activity
143-->[com.facebook.react:react-android:0.73.2] AndroidManifest.xml:19:9-21:40
144            android:name="com.facebook.react.devsupport.DevSettingsActivity"
144-->[com.facebook.react:react-android:0.73.2] AndroidManifest.xml:20:13-77
145            android:exported="false" />
145-->[com.facebook.react:react-android:0.73.2] AndroidManifest.xml:21:13-37
146
147        <receiver
147-->[com.google.firebase:firebase-messaging:23.4.0] AndroidManifest.xml:29:9-40:20
148            android:name="com.google.firebase.iid.FirebaseInstanceIdReceiver"
148-->[com.google.firebase:firebase-messaging:23.4.0] AndroidManifest.xml:30:13-78
149            android:exported="true"
149-->[com.google.firebase:firebase-messaging:23.4.0] AndroidManifest.xml:31:13-36
150            android:permission="com.google.android.c2dm.permission.SEND" >
150-->[com.google.firebase:firebase-messaging:23.4.0] AndroidManifest.xml:32:13-73
151            <intent-filter>
151-->[:react-native-firebase_messaging] AndroidManifest.xml:27:13-29:29
152                <action android:name="com.google.android.c2dm.intent.RECEIVE" />
152-->[:react-native-firebase_messaging] AndroidManifest.xml:28:17-81
152-->[:react-native-firebase_messaging] AndroidManifest.xml:28:25-78
153            </intent-filter>
154
155            <meta-data
155-->[com.google.firebase:firebase-messaging:23.4.0] AndroidManifest.xml:37:13-39:40
156                android:name="com.google.android.gms.cloudmessaging.FINISHED_AFTER_HANDLED"
156-->[com.google.firebase:firebase-messaging:23.4.0] AndroidManifest.xml:38:17-92
157                android:value="true" />
157-->[com.google.firebase:firebase-messaging:23.4.0] AndroidManifest.xml:39:17-37
158        </receiver>
159        <!--
160             FirebaseMessagingService performs security checks at runtime,
161             but set to not exported to explicitly avoid allowing another app to call it.
162        -->
163        <service
163-->[com.google.firebase:firebase-messaging:23.4.0] AndroidManifest.xml:46:9-53:19
164            android:name="com.google.firebase.messaging.FirebaseMessagingService"
164-->[com.google.firebase:firebase-messaging:23.4.0] AndroidManifest.xml:47:13-82
165            android:directBootAware="true"
165-->[com.google.firebase:firebase-messaging:23.4.0] AndroidManifest.xml:48:13-43
166            android:exported="false" >
166-->[com.google.firebase:firebase-messaging:23.4.0] AndroidManifest.xml:49:13-37
167            <intent-filter android:priority="-500" >
167-->[:react-native-firebase_messaging] AndroidManifest.xml:18:13-20:29
168                <action android:name="com.google.firebase.MESSAGING_EVENT" />
168-->[:react-native-firebase_messaging] AndroidManifest.xml:19:17-78
168-->[:react-native-firebase_messaging] AndroidManifest.xml:19:25-75
169            </intent-filter>
170        </service>
171
172        <provider
172-->[com.google.firebase:firebase-common:20.4.2] AndroidManifest.xml:23:9-28:39
173            android:name="com.google.firebase.provider.FirebaseInitProvider"
173-->[com.google.firebase:firebase-common:20.4.2] AndroidManifest.xml:24:13-77
174            android:authorities="com.roadx.mobile.firebaseinitprovider"
174-->[com.google.firebase:firebase-common:20.4.2] AndroidManifest.xml:25:13-72
175            android:directBootAware="true"
175-->[com.google.firebase:firebase-common:20.4.2] AndroidManifest.xml:26:13-43
176            android:exported="false"
176-->[com.google.firebase:firebase-common:20.4.2] AndroidManifest.xml:27:13-37
177            android:initOrder="100" />
177-->[com.google.firebase:firebase-common:20.4.2] AndroidManifest.xml:28:13-36
178
179        <activity
179-->[com.google.android.gms:play-services-auth:20.7.0] AndroidManifest.xml:23:9-27:75
180            android:name="com.google.android.gms.auth.api.signin.internal.SignInHubActivity"
180-->[com.google.android.gms:play-services-auth:20.7.0] AndroidManifest.xml:24:13-93
181            android:excludeFromRecents="true"
181-->[com.google.android.gms:play-services-auth:20.7.0] AndroidManifest.xml:25:13-46
182            android:exported="false"
182-->[com.google.android.gms:play-services-auth:20.7.0] AndroidManifest.xml:26:13-37
183            android:theme="@android:style/Theme.Translucent.NoTitleBar" />
183-->[com.google.android.gms:play-services-auth:20.7.0] AndroidManifest.xml:27:13-72
184        <!--
185            Service handling Google Sign-In user revocation. For apps that do not integrate with
186            Google Sign-In, this service will never be started.
187        -->
188        <service
188-->[com.google.android.gms:play-services-auth:20.7.0] AndroidManifest.xml:33:9-37:51
189            android:name="com.google.android.gms.auth.api.signin.RevocationBoundService"
189-->[com.google.android.gms:play-services-auth:20.7.0] AndroidManifest.xml:34:13-89
190            android:exported="true"
190-->[com.google.android.gms:play-services-auth:20.7.0] AndroidManifest.xml:35:13-36
191            android:permission="com.google.android.gms.auth.api.signin.permission.REVOCATION_NOTIFICATION"
191-->[com.google.android.gms:play-services-auth:20.7.0] AndroidManifest.xml:36:13-107
192            android:visibleToInstantApps="true" />
192-->[com.google.android.gms:play-services-auth:20.7.0] AndroidManifest.xml:37:13-48
193
194        <activity
194-->[com.google.android.gms:play-services-base:18.0.1] AndroidManifest.xml:20:9-22:45
195            android:name="com.google.android.gms.common.api.GoogleApiActivity"
195-->[com.google.android.gms:play-services-base:18.0.1] AndroidManifest.xml:20:19-85
196            android:exported="false"
196-->[com.google.android.gms:play-services-base:18.0.1] AndroidManifest.xml:22:19-43
197            android:theme="@android:style/Theme.Translucent.NoTitleBar" />
197-->[com.google.android.gms:play-services-base:18.0.1] AndroidManifest.xml:21:19-78
198
199        <meta-data
199-->[com.google.android.gms:play-services-basement:18.2.0] AndroidManifest.xml:21:9-23:69
200            android:name="com.google.android.gms.version"
200-->[com.google.android.gms:play-services-basement:18.2.0] AndroidManifest.xml:22:13-58
201            android:value="@integer/google_play_services_version" />
201-->[com.google.android.gms:play-services-basement:18.2.0] AndroidManifest.xml:23:13-66
202
203        <provider
203-->[androidx.emoji2:emoji2:1.3.0] AndroidManifest.xml:24:9-32:20
204            android:name="androidx.startup.InitializationProvider"
204-->[androidx.emoji2:emoji2:1.3.0] AndroidManifest.xml:25:13-67
205            android:authorities="com.roadx.mobile.androidx-startup"
205-->[androidx.emoji2:emoji2:1.3.0] AndroidManifest.xml:26:13-68
206            android:exported="false" >
206-->[androidx.emoji2:emoji2:1.3.0] AndroidManifest.xml:27:13-37
207            <meta-data
207-->[androidx.emoji2:emoji2:1.3.0] AndroidManifest.xml:29:13-31:52
208                android:name="androidx.emoji2.text.EmojiCompatInitializer"
208-->[androidx.emoji2:emoji2:1.3.0] AndroidManifest.xml:30:17-75
209                android:value="androidx.startup" />
209-->[androidx.emoji2:emoji2:1.3.0] AndroidManifest.xml:31:17-49
210            <meta-data
210-->[androidx.lifecycle:lifecycle-process:2.6.2] AndroidManifest.xml:29:13-31:52
211                android:name="androidx.lifecycle.ProcessLifecycleInitializer"
211-->[androidx.lifecycle:lifecycle-process:2.6.2] AndroidManifest.xml:30:17-78
212                android:value="androidx.startup" />
212-->[androidx.lifecycle:lifecycle-process:2.6.2] AndroidManifest.xml:31:17-49
213            <meta-data
213-->[androidx.profileinstaller:profileinstaller:1.3.1] AndroidManifest.xml:29:13-31:52
214                android:name="androidx.profileinstaller.ProfileInstallerInitializer"
214-->[androidx.profileinstaller:profileinstaller:1.3.1] AndroidManifest.xml:30:17-85
215                android:value="androidx.startup" />
215-->[androidx.profileinstaller:profileinstaller:1.3.1] AndroidManifest.xml:31:17-49
216        </provider>
217
218        <receiver
218-->[androidx.profileinstaller:profileinstaller:1.3.1] AndroidManifest.xml:34:9-52:20
219            android:name="androidx.profileinstaller.ProfileInstallReceiver"
219-->[androidx.profileinstaller:profileinstaller:1.3.1] AndroidManifest.xml:35:13-76
220            android:directBootAware="false"
220-->[androidx.profileinstaller:profileinstaller:1.3.1] AndroidManifest.xml:36:13-44
221            android:enabled="true"
221-->[androidx.profileinstaller:profileinstaller:1.3.1] AndroidManifest.xml:37:13-35
222            android:exported="true"
222-->[androidx.profileinstaller:profileinstaller:1.3.1] AndroidManifest.xml:38:13-36
223            android:permission="android.permission.DUMP" >
223-->[androidx.profileinstaller:profileinstaller:1.3.1] AndroidManifest.xml:39:13-57
224            <intent-filter>
224-->[androidx.profileinstaller:profileinstaller:1.3.1] AndroidManifest.xml:40:13-42:29
225                <action android:name="androidx.profileinstaller.action.INSTALL_PROFILE" />
225-->[androidx.profileinstaller:profileinstaller:1.3.1] AndroidManifest.xml:41:17-91
225-->[androidx.profileinstaller:profileinstaller:1.3.1] AndroidManifest.xml:41:25-88
226            </intent-filter>
227            <intent-filter>
227-->[androidx.profileinstaller:profileinstaller:1.3.1] AndroidManifest.xml:43:13-45:29
228                <action android:name="androidx.profileinstaller.action.SKIP_FILE" />
228-->[androidx.profileinstaller:profileinstaller:1.3.1] AndroidManifest.xml:44:17-85
228-->[androidx.profileinstaller:profileinstaller:1.3.1] AndroidManifest.xml:44:25-82
229            </intent-filter>
230            <intent-filter>
230-->[androidx.profileinstaller:profileinstaller:1.3.1] AndroidManifest.xml:46:13-48:29
231                <action android:name="androidx.profileinstaller.action.SAVE_PROFILE" />
231-->[androidx.profileinstaller:profileinstaller:1.3.1] AndroidManifest.xml:47:17-88
231-->[androidx.profileinstaller:profileinstaller:1.3.1] AndroidManifest.xml:47:25-85
232            </intent-filter>
233            <intent-filter>
233-->[androidx.profileinstaller:profileinstaller:1.3.1] AndroidManifest.xml:49:13-51:29
234                <action android:name="androidx.profileinstaller.action.BENCHMARK_OPERATION" />
234-->[androidx.profileinstaller:profileinstaller:1.3.1] AndroidManifest.xml:50:17-95
234-->[androidx.profileinstaller:profileinstaller:1.3.1] AndroidManifest.xml:50:25-92
235            </intent-filter>
236        </receiver>
237
238        <service
238-->[com.google.android.datatransport:transport-backend-cct:3.1.8] AndroidManifest.xml:28:9-34:19
239            android:name="com.google.android.datatransport.runtime.backends.TransportBackendDiscovery"
239-->[com.google.android.datatransport:transport-backend-cct:3.1.8] AndroidManifest.xml:29:13-103
240            android:exported="false" >
240-->[com.google.android.datatransport:transport-backend-cct:3.1.8] AndroidManifest.xml:30:13-37
241            <meta-data
241-->[com.google.android.datatransport:transport-backend-cct:3.1.8] AndroidManifest.xml:31:13-33:39
242                android:name="backend:com.google.android.datatransport.cct.CctBackendFactory"
242-->[com.google.android.datatransport:transport-backend-cct:3.1.8] AndroidManifest.xml:32:17-94
243                android:value="cct" />
243-->[com.google.android.datatransport:transport-backend-cct:3.1.8] AndroidManifest.xml:33:17-36
244        </service>
245        <service
245-->[com.google.android.datatransport:transport-runtime:3.1.8] AndroidManifest.xml:26:9-30:19
246            android:name="com.google.android.datatransport.runtime.scheduling.jobscheduling.JobInfoSchedulerService"
246-->[com.google.android.datatransport:transport-runtime:3.1.8] AndroidManifest.xml:27:13-117
247            android:exported="false"
247-->[com.google.android.datatransport:transport-runtime:3.1.8] AndroidManifest.xml:28:13-37
248            android:permission="android.permission.BIND_JOB_SERVICE" >
248-->[com.google.android.datatransport:transport-runtime:3.1.8] AndroidManifest.xml:29:13-69
249        </service>
250
251        <receiver
251-->[com.google.android.datatransport:transport-runtime:3.1.8] AndroidManifest.xml:32:9-34:40
252            android:name="com.google.android.datatransport.runtime.scheduling.jobscheduling.AlarmManagerSchedulerBroadcastReceiver"
252-->[com.google.android.datatransport:transport-runtime:3.1.8] AndroidManifest.xml:33:13-132
253            android:exported="false" />
253-->[com.google.android.datatransport:transport-runtime:3.1.8] AndroidManifest.xml:34:13-37
254
255        <meta-data
255-->[com.facebook.soloader:soloader:0.10.5] AndroidManifest.xml:12:9-14:37
256            android:name="com.facebook.soloader.enabled"
256-->[com.facebook.soloader:soloader:0.10.5] AndroidManifest.xml:13:13-57
257            android:value="false" />
257-->[com.facebook.soloader:soloader:0.10.5] AndroidManifest.xml:14:13-34
258    </application>
259
260</manifest>